Build started 11/25/2013 3:16:32 AM.
     1>Project "C:\Users\amoghesturi\Documents\Visual Studio 2010\Projects\MotionDetection_VTTI\MotionDetection_VTTI\MotionDetection_VTTI.vcxproj" on node 2 (build target(s)).
     1>InitializeBuildStatus:
         Creating "Debug\MotionDetection_VTTI.unsuccessfulbuild" because "AlwaysCreate" was specified.
       ClCompile:
         c:\Program Files (x86)\Microsoft Visual Studio 10.0\VC\bin\CL.exe /c /I"C:\OpenCV-2.4.6\opencv\build\include" /ZI /nologo /W3 /WX- /Od /Oy- /D WIN32 /D _DEBUG /D _CONSOLE /D _UNICODE /D UNICODE /Gm /EHsc /RTC1 /MDd /GS /fp:precise /Zc:wchar_t /Zc:forScope /Fo"Debug\\" /Fd"Debug\vc100.pdb" /Gd /TP /analyze- /errorReport:prompt findRectangle.cpp main.cpp
         findRectangle.cpp
     1>c:\users\amoghesturi\documents\visual studio 2010\projects\motiondetection_vtti\motiondetection_vtti\findrectangle.cpp(16): warning C4244: 'argument' : conversion from 'int' to 'float', possible loss of data
     1>c:\users\amoghesturi\documents\visual studio 2010\projects\motiondetection_vtti\motiondetection_vtti\findrectangle.cpp(16): warning C4244: 'argument' : conversion from 'int' to 'float', possible loss of data
     1>c:\users\amoghesturi\documents\visual studio 2010\projects\motiondetection_vtti\motiondetection_vtti\findrectangle.cpp(33): warning C4244: 'argument' : conversion from 'int' to 'float', possible loss of data
     1>c:\users\amoghesturi\documents\visual studio 2010\projects\motiondetection_vtti\motiondetection_vtti\findrectangle.cpp(33): warning C4244: 'argument' : conversion from 'int' to 'float', possible loss of data
     1>c:\users\amoghesturi\documents\visual studio 2010\projects\motiondetection_vtti\motiondetection_vtti\findrectangle.cpp(50): warning C4244: 'argument' : conversion from 'int' to 'float', possible loss of data
     1>c:\users\amoghesturi\documents\visual studio 2010\projects\motiondetection_vtti\motiondetection_vtti\findrectangle.cpp(50): warning C4244: 'argument' : conversion from 'int' to 'float', possible loss of data
     1>c:\users\amoghesturi\documents\visual studio 2010\projects\motiondetection_vtti\motiondetection_vtti\findrectangle.cpp(67): warning C4244: 'argument' : conversion from 'int' to 'float', possible loss of data
     1>c:\users\amoghesturi\documents\visual studio 2010\projects\motiondetection_vtti\motiondetection_vtti\findrectangle.cpp(67): warning C4244: 'argument' : conversion from 'int' to 'float', possible loss of data
         Generating Code...
         Compiling...
         main.cpp
     1>c:\users\amoghesturi\documents\visual studio 2010\projects\motiondetection_vtti\motiondetection_vtti\main.cpp(41): warning C4018: '<' : signed/unsigned mismatch
     1>c:\users\amoghesturi\documents\visual studio 2010\projects\motiondetection_vtti\motiondetection_vtti\main.cpp(44): warning C4018: '<' : signed/unsigned mismatch
     1>c:\users\amoghesturi\documents\visual studio 2010\projects\motiondetection_vtti\motiondetection_vtti\main.cpp(56): warning C4018: '<' : signed/unsigned mismatch
     1>c:\users\amoghesturi\documents\visual studio 2010\projects\motiondetection_vtti\motiondetection_vtti\main.cpp(59): warning C4018: '<' : signed/unsigned mismatch
     1>c:\users\amoghesturi\documents\visual studio 2010\projects\motiondetection_vtti\motiondetection_vtti\main.cpp(85): warning C4018: '<' : signed/unsigned mismatch
     1>c:\users\amoghesturi\documents\visual studio 2010\projects\motiondetection_vtti\motiondetection_vtti\main.cpp(87): warning C4018: '<' : signed/unsigned mismatch
     1>c:\users\amoghesturi\documents\visual studio 2010\projects\motiondetection_vtti\motiondetection_vtti\main.cpp(92): warning C4018: '<' : signed/unsigned mismatch
     1>c:\users\amoghesturi\documents\visual studio 2010\projects\motiondetection_vtti\motiondetection_vtti\main.cpp(94): warning C4018: '<' : signed/unsigned mismatch
     1>c:\users\amoghesturi\documents\visual studio 2010\projects\motiondetection_vtti\motiondetection_vtti\main.cpp(109): warning C4018: '<' : signed/unsigned mismatch
     1>c:\users\amoghesturi\documents\visual studio 2010\projects\motiondetection_vtti\motiondetection_vtti\main.cpp(113): warning C4244: 'initializing' : conversion from 'float' to 'int', possible loss of data
     1>c:\users\amoghesturi\documents\visual studio 2010\projects\motiondetection_vtti\motiondetection_vtti\main.cpp(113): warning C4244: 'initializing' : conversion from 'float' to 'int', possible loss of data
     1>c:\users\amoghesturi\documents\visual studio 2010\projects\motiondetection_vtti\motiondetection_vtti\main.cpp(113): warning C4244: 'initializing' : conversion from 'float' to 'int', possible loss of data
     1>c:\users\amoghesturi\documents\visual studio 2010\projects\motiondetection_vtti\motiondetection_vtti\main.cpp(113): warning C4244: 'initializing' : conversion from 'float' to 'int', possible loss of data
     1>c:\users\amoghesturi\documents\visual studio 2010\projects\motiondetection_vtti\motiondetection_vtti\main.cpp(119): warning C4244: 'argument' : conversion from 'float' to 'int', possible loss of data
     1>c:\users\amoghesturi\documents\visual studio 2010\projects\motiondetection_vtti\motiondetection_vtti\main.cpp(119): warning C4244: 'argument' : conversion from 'float' to 'int', possible loss of data
     1>c:\users\amoghesturi\documents\visual studio 2010\projects\motiondetection_vtti\motiondetection_vtti\main.cpp(119): warning C4244: 'argument' : conversion from 'float' to 'int', possible loss of data
     1>c:\users\amoghesturi\documents\visual studio 2010\projects\motiondetection_vtti\motiondetection_vtti\main.cpp(119): warning C4244: 'argument' : conversion from 'float' to 'int', possible loss of data
         Generating Code...
       ManifestResourceCompile:
         All outputs are up-to-date.
       Link:
         c:\Program Files (x86)\Microsoft Visual Studio 10.0\VC\bin\link.exe /ERRORREPORT:PROMPT /OUT:"C:\Users\amoghesturi\Documents\Visual Studio 2010\Projects\MotionDetection_VTTI\Debug\MotionDetection_VTTI.exe" /INCREMENTAL /NOLOGO /LIBPATH:"C:\OpenCV-2.4.6\opencv\build\x86\vc10\lib" opencv_calib3d246d.lib opencv_contrib246d.lib opencv_core246d.lib opencv_features2d246d.lib opencv_flann246d.lib opencv_gpu246d.lib opencv_highgui246d.lib opencv_imgproc246d.lib opencv_legacy246d.lib opencv_ml246d.lib opencv_nonfree246d.lib opencv_objdetect246d.lib opencv_photo246d.lib opencv_stitching246d.lib opencv_superres246d.lib opencv_ts246d.lib opencv_video246d.lib opencv_videostab246d.lib /MANIFEST /ManifestFile:"Debug\MotionDetection_VTTI.exe.intermediate.manifest" /MANIFESTUAC:"level='asInvoker' uiAccess='false'" /DEBUG /PDB:"C:\Users\amoghesturi\Documents\Visual Studio 2010\Projects\MotionDetection_VTTI\Debug\MotionDetection_VTTI.pdb" /SUBSYSTEM:CONSOLE /TLBID:1 /DYNAMICBASE /NXCOMPAT /IMPLIB:"C:\Users\amoghesturi\Documents\Visual Studio 2010\Projects\MotionDetection_VTTI\Debug\MotionDetection_VTTI.lib" /MACHINE:X86 Debug\MotionDetection_VTTI.exe.embed.manifest.res
         Debug\findRectangle.obj
         Debug\main.obj
       Manifest:
         C:\Program Files (x86)\Microsoft SDKs\Windows\v7.0A\bin\mt.exe /nologo /verbose /out:"Debug\MotionDetection_VTTI.exe.embed.manifest" /manifest Debug\MotionDetection_VTTI.exe.intermediate.manifest "c:\Program Files (x86)\Microsoft Visual Studio 10.0\VC\Include\Manifest\dpiaware.manifest"
         All outputs are up-to-date.
       LinkEmbedManifest:
         All outputs are up-to-date.
         MotionDetection_VTTI.vcxproj -> C:\Users\amoghesturi\Documents\Visual Studio 2010\Projects\MotionDetection_VTTI\Debug\MotionDetection_VTTI.exe
       FinalizeBuildStatus:
         Deleting file "Debug\MotionDetection_VTTI.unsuccessfulbuild".
         Touching "Debug\MotionDetection_VTTI.lastbuildstate".
     1>Done Building Project "C:\Users\amoghesturi\Documents\Visual Studio 2010\Projects\MotionDetection_VTTI\MotionDetection_VTTI\MotionDetection_VTTI.vcxproj" (build target(s)).

Build succeeded.

Time Elapsed 00:00:03.00
